<?xml version="1.0" encoding="UTF-8"?>
<!-- Generated by org.testng.reporters.JUnitXMLReporter -->
<testsuite hostname="Kacode-MacBook-Pro.local" ignored="0" name="Test1" tests="1" failures="0" timestamp="12 Jul 2022 14:08:42 GMT" time="0.031" errors="0">
  <testcase name="@BeforeTest setup" time="0.0" classname="demo.TestNGMultiBrowserDemo">
    <failure type="org.testng.TestNGException" message="
Parameter &amp;apos;browserName&amp;apos; is required by BeforeTest on method setup but has not been marked @Optional or defined
in /Users/kacochan/Documents/My Work/Ecplise/Java/Automation/SeleniumJavaFramework/testng4.xml">
      <![CDATA[org.testng.TestNGException: 
Parameter 'browserName' is required by BeforeTest on method setup but has not been marked @Optional or defined
in /Users/kacochan/Documents/My Work/Ecplise/Java/Automation/SeleniumJavaFramework/testng4.xml
... Removed 21 stack frames]]>
    </failure>
  </testcase> <!-- @BeforeTest setup -->
  <testcase name="@AfterTest teardown" time="0.0" classname="demo.TestNGMultiBrowserDemo">
    <skipped/>
  </testcase> <!-- @AfterTest teardown -->
  <testcase name="test1" time="0.0" classname="demo.TestNGMultiBrowserDemo">
    <skipped/>
  </testcase> <!-- test1 -->
</testsuite> <!-- Test1 -->
